<?xml version="1.0" encoding="UTF-8"?>
<robot generator="Robot 6.0.1 (Python 3.10.5 on win32)" generated="20230106 20:43:41.804" rpa="false" schemaversion="3">
<suite id="s1" name="Suites">
<suite id="s1-s1" name="Radiobuttons" source="C:\Users\Mansi Patel\PycharmProjects\pythonProject1\pythonProject\RF_project\TestCases\Radiobuttons.robot">
<test id="s1-s1-t1" name="Testing Radio Button and Check Boxes" line="9">
<kw name="Open Browser" library="SeleniumLibrary">
<arg>${url}</arg>
<arg>${browser}</arg>
<doc>Opens a new browser instance to the optional ``url``.</doc>
<msg timestamp="20230106 20:43:42.414" level="INFO">Opening browser 'chrome' to base url 'https://itera-qa.azurewebsites.net/home/automation'.</msg>
<status status="PASS" starttime="20230106 20:43:42.412" endtime="20230106 20:43:48.099"/>
</kw>
<kw name="Maximize Browser Window" library="SeleniumLibrary">
<doc>Maximizes current browser window.</doc>
<status status="PASS" starttime="20230106 20:43:48.100" endtime="20230106 20:43:48.316"/>
</kw>
<kw name="Set Selenium Speed" library="SeleniumLibrary">
<arg>2second</arg>
<doc>Sets the delay that is waited after each Selenium command.</doc>
<status status="PASS" starttime="20230106 20:43:48.317" endtime="20230106 20:43:48.319"/>
</kw>
<kw name="Select Radio Button" library="SeleniumLibrary">
<arg>optionsRadios</arg>
<arg>male</arg>
<doc>Sets the radio button group ``group_name`` to ``value``.</doc>
<msg timestamp="20230106 20:43:48.320" level="INFO">Selecting 'male' from radio button 'optionsRadios'.</msg>
<status status="PASS" starttime="20230106 20:43:48.319" endtime="20230106 20:43:54.501"/>
</kw>
<kw name="Sleep" library="BuiltIn">
<arg>3</arg>
<doc>Pauses the test executed for the given time.</doc>
<msg timestamp="20230106 20:43:57.514" level="INFO">Slept 3 seconds</msg>
<status status="PASS" starttime="20230106 20:43:54.502" endtime="20230106 20:43:57.514"/>
</kw>
<kw name="Click Element" library="SeleniumLibrary">
<arg>xpath:/html/body/div/div[5]/div[2]/div[1]/div[3]/label</arg>
<doc>Click the element identified by ``locator``.</doc>
<msg timestamp="20230106 20:43:57.517" level="INFO">Clicking element 'xpath:/html/body/div/div[5]/div[2]/div[1]/div[3]/label'.</msg>
<msg timestamp="20230106 20:43:57.522" level="WARN">Keyword 'Capture Page Screenshot' could not be run on failure: Message: no such window: target window already closed
from unknown error: web view not found
  (Session info: chrome=108.0.5359.125)
Stacktrace:
Backtrace:
	(No symbol) [0x00C4F243]
	(No symbol) [0x00BD7FD1]
	(No symbol) [0x00ACD04D]
	(No symbol) [0x00AB2D7A]
	(No symbol) [0x00B1BE7B]
	(No symbol) [0x00B2C196]
	(No symbol) [0x00B18386]
	(No symbol) [0x00AF163C]
	(No symbol) [0x00AF269D]
	GetHandleVerifier [0x00EE9A22+2655074]
	GetHandleVerifier [0x00EDCA24+2601828]
	GetHandleVerifier [0x00CF8C0A+619850]
	GetHandleVerifier [0x00CF7830+614768]
	(No symbol) [0x00BE05FC]
	(No symbol) [0x00BE5968]
	(No symbol) [0x00BE5A55]
	(No symbol) [0x00BF051B]
	BaseThreadInitThunk [0x7708FA29+25]
	RtlGetAppContainerNamedObjectPath [0x77CB7A9E+286]
	RtlGetAppContainerNamedObjectPath [0x77CB7A6E+238]
</msg>
<msg timestamp="20230106 20:43:57.522" level="FAIL">NoSuchWindowException: Message: no such window: target window already closed
from unknown error: web view not found
  (Session info: chrome=108.0.5359.125)
Stacktrace:
Backtrace:
	(No symbol) [0x00C4F243]
	(No symbol) [0x00BD7FD1]
	(No symbol) [0x00ACD04D]
	(No symbol) [0x00AB2D7A]
	(No symbol) [0x00B1BE7B]
	(No symbol) [0x00B2C196]
	(No symbol) [0x00B18386]
	(No symbol) [0x00AF163C]
	(No symbol) [0x00AF269D]
	GetHandleVerifier [0x00EE9A22+2655074]
	GetHandleVerifier [0x00EDCA24+2601828]
	GetHandleVerifier [0x00CF8C0A+619850]
	GetHandleVerifier [0x00CF7830+614768]
	(No symbol) [0x00BE05FC]
	(No symbol) [0x00BE5968]
	(No symbol) [0x00BE5A55]
	(No symbol) [0x00BF051B]
	BaseThreadInitThunk [0x7708FA29+25]
	RtlGetAppContainerNamedObjectPath [0x77CB7A9E+286]
	RtlGetAppContainerNamedObjectPath [0x77CB7A6E+238]
</msg>
<status status="FAIL" starttime="20230106 20:43:57.514" endtime="20230106 20:43:57.543"/>
</kw>
<kw name="Sleep" library="BuiltIn">
<arg>3</arg>
<doc>Pauses the test executed for the given time.</doc>
<status status="NOT RUN" starttime="20230106 20:43:57.543" endtime="20230106 20:43:57.544"/>
</kw>
<kw name="Select Checkbox" library="SeleniumLibrary">
<arg>wednesday</arg>
<doc>Selects the checkbox identified by ``locator``.</doc>
<status status="NOT RUN" starttime="20230106 20:43:57.544" endtime="20230106 20:43:57.544"/>
</kw>
<kw name="Select Checkbox" library="SeleniumLibrary">
<arg>monday</arg>
<doc>Selects the checkbox identified by ``locator``.</doc>
<status status="NOT RUN" starttime="20230106 20:43:57.544" endtime="20230106 20:43:57.545"/>
</kw>
<kw name="Sleep" library="BuiltIn">
<arg>3</arg>
<doc>Pauses the test executed for the given time.</doc>
<status status="NOT RUN" starttime="20230106 20:43:57.545" endtime="20230106 20:43:57.545"/>
</kw>
<kw name="Unselect Checkbox" library="SeleniumLibrary">
<arg>wednesday</arg>
<doc>Removes the selection of checkbox identified by ``locator``.</doc>
<status status="NOT RUN" starttime="20230106 20:43:57.546" endtime="20230106 20:43:57.546"/>
</kw>
<kw name="Sleep" library="BuiltIn">
<arg>3</arg>
<doc>Pauses the test executed for the given time.</doc>
<status status="NOT RUN" starttime="20230106 20:43:57.547" endtime="20230106 20:43:57.547"/>
</kw>
<status status="FAIL" starttime="20230106 20:43:42.412" endtime="20230106 20:43:57.547">NoSuchWindowException: Message: no such window: target window already closed
from unknown error: web view not found
  (Session info: chrome=108.0.5359.125)
Stacktrace:
Backtrace:
	(No symbol) [0x00C4F243]
	(No symbol) [0x00BD7FD1]
	(No symbol) [0x00ACD04D]
	(No symbol) [0x00AB2D7A]
	(No symbol) [0x00B1BE7B]
	(No symbol) [0x00B2C196]
	(No symbol) [0x00B18386]
	(No symbol) [0x00AF163C]
	(No symbol) [0x00AF269D]
	GetHandleVerifier [0x00EE9A22+2655074]
	GetHandleVerifier [0x00EDCA24+2601828]
	GetHandleVerifier [0x00CF8C0A+619850]
	GetHandleVerifier [0x00CF7830+614768]
	(No symbol) [0x00BE05FC]
	(No symbol) [0x00BE5968]
	(No symbol) [0x00BE5A55]
	(No symbol) [0x00BF051B]
	BaseThreadInitThunk [0x7708FA29+25]
	RtlGetAppContainerNamedObjectPath [0x77CB7A9E+286]
	RtlGetAppContainerNamedObjectPath [0x77CB7A6E+238]
</status>
</test>
<status status="FAIL" starttime="20230106 20:43:41.885" endtime="20230106 20:43:57.549"/>
</suite>
<status status="FAIL" starttime="20230106 20:43:41.830" endtime="20230106 20:43:57.551"/>
</suite>
<statistics>
<total>
<stat pass="0" fail="1" skip="0">All Tests</stat>
</total>
<tag>
</tag>
<suite>
<stat pass="0" fail="1" skip="0" id="s1" name="Suites">Suites</stat>
<stat pass="0" fail="1" skip="0" id="s1-s1" name="Radiobuttons">Suites.Radiobuttons</stat>
</suite>
</statistics>
<errors>
<msg timestamp="20230106 20:43:57.522" level="WARN">Keyword 'Capture Page Screenshot' could not be run on failure: Message: no such window: target window already closed
from unknown error: web view not found
  (Session info: chrome=108.0.5359.125)
Stacktrace:
Backtrace:
	(No symbol) [0x00C4F243]
	(No symbol) [0x00BD7FD1]
	(No symbol) [0x00ACD04D]
	(No symbol) [0x00AB2D7A]
	(No symbol) [0x00B1BE7B]
	(No symbol) [0x00B2C196]
	(No symbol) [0x00B18386]
	(No symbol) [0x00AF163C]
	(No symbol) [0x00AF269D]
	GetHandleVerifier [0x00EE9A22+2655074]
	GetHandleVerifier [0x00EDCA24+2601828]
	GetHandleVerifier [0x00CF8C0A+619850]
	GetHandleVerifier [0x00CF7830+614768]
	(No symbol) [0x00BE05FC]
	(No symbol) [0x00BE5968]
	(No symbol) [0x00BE5A55]
	(No symbol) [0x00BF051B]
	BaseThreadInitThunk [0x7708FA29+25]
	RtlGetAppContainerNamedObjectPath [0x77CB7A9E+286]
	RtlGetAppContainerNamedObjectPath [0x77CB7A6E+238]
</msg>
</errors>
</robot>
