<?xml version="1.0" encoding="UTF-8"?>
<robot generator="Robot 6.0.1 (Python 3.10.5 on win32)" generated="20230106 20:44:09.710" rpa="false" schemaversion="3">
<suite id="s1" name="Suites">
<suite id="s1-s1" name="TC1" source="C:\Users\Mansi Patel\PycharmProjects\pythonProject1\pythonProject\RF_project\TestCases\TC1.robot">
<test id="s1-s1-t1" name="LoginTest" line="9">
<kw name="Open Browser" library="SeleniumLibrary">
<arg>${url}</arg>
<arg>${browser}</arg>
<doc>Opens a new browser instance to the optional ``url``.</doc>
<msg timestamp="20230106 20:44:10.262" level="INFO">Opening browser 'chrome' to base url 'https://opensource-demo.orangehrmlive.com/'.</msg>
<status status="PASS" starttime="20230106 20:44:10.261" endtime="20230106 20:44:15.201"/>
</kw>
<kw name="loginToApplication">
<kw name="Wait Until Element Is Visible" library="SeleniumLibrary">
<arg>xpath://*[@id="app"]/div[1]/div/div[1]/div/div[2]/div[2]/form/div[1]/div/div[2]/input</arg>
<doc>Waits until the element ``locator`` is visible.</doc>
<msg timestamp="20230106 20:44:15.244" level="WARN">Keyword 'Capture Page Screenshot' could not be run on failure: Message: no such window: target window already closed
from unknown error: web view not found
  (Session info: chrome=108.0.5359.125)
Stacktrace:
Backtrace:
	(No symbol) [0x00C4F243]
	(No symbol) [0x00BD7FD1]
	(No symbol) [0x00ACD04D]
	(No symbol) [0x00AB2D7A]
	(No symbol) [0x00B1BE7B]
	(No symbol) [0x00B2C196]
	(No symbol) [0x00B18386]
	(No symbol) [0x00AF163C]
	(No symbol) [0x00AF269D]
	GetHandleVerifier [0x00EE9A22+2655074]
	GetHandleVerifier [0x00EDCA24+2601828]
	GetHandleVerifier [0x00CF8C0A+619850]
	GetHandleVerifier [0x00CF7830+614768]
	(No symbol) [0x00BE05FC]
	(No symbol) [0x00BE5968]
	(No symbol) [0x00BE5A55]
	(No symbol) [0x00BF051B]
	BaseThreadInitThunk [0x7708FA29+25]
	RtlGetAppContainerNamedObjectPath [0x77CB7A9E+286]
	RtlGetAppContainerNamedObjectPath [0x77CB7A6E+238]
</msg>
<msg timestamp="20230106 20:44:15.245" level="FAIL">NoSuchWindowException: Message: no such window: target window already closed
from unknown error: web view not found
  (Session info: chrome=108.0.5359.125)
Stacktrace:
Backtrace:
	(No symbol) [0x00C4F243]
	(No symbol) [0x00BD7FD1]
	(No symbol) [0x00ACD04D]
	(No symbol) [0x00AB2D7A]
	(No symbol) [0x00B1BE7B]
	(No symbol) [0x00B2C196]
	(No symbol) [0x00B18386]
	(No symbol) [0x00AF163C]
	(No symbol) [0x00AF269D]
	GetHandleVerifier [0x00EE9A22+2655074]
	GetHandleVerifier [0x00EDCA24+2601828]
	GetHandleVerifier [0x00CF8C0A+619850]
	GetHandleVerifier [0x00CF7830+614768]
	(No symbol) [0x00BE05FC]
	(No symbol) [0x00BE5968]
	(No symbol) [0x00BE5A55]
	(No symbol) [0x00BF051B]
	BaseThreadInitThunk [0x7708FA29+25]
	RtlGetAppContainerNamedObjectPath [0x77CB7A9E+286]
	RtlGetAppContainerNamedObjectPath [0x77CB7A6E+238]
</msg>
<status status="FAIL" starttime="20230106 20:44:15.205" endtime="20230106 20:44:15.276"/>
</kw>
<kw name="Input Text" library="SeleniumLibrary">
<arg>xpath://*[@id="app"]/div[1]/div/div[1]/div/div[2]/div[2]/form/div[1]/div/div[2]/input</arg>
<arg>Admin</arg>
<doc>Types the given ``text`` into the text field identified by ``locator``.</doc>
<status status="NOT RUN" starttime="20230106 20:44:15.277" endtime="20230106 20:44:15.277"/>
</kw>
<kw name="Input Text" library="SeleniumLibrary">
<arg>xpath://*[@id="app"]/div[1]/div/div[1]/div/div[2]/div[2]/form/div[2]/div/div[2]/input</arg>
<arg>admin123</arg>
<doc>Types the given ``text`` into the text field identified by ``locator``.</doc>
<status status="NOT RUN" starttime="20230106 20:44:15.278" endtime="20230106 20:44:15.278"/>
</kw>
<kw name="Click Element" library="SeleniumLibrary">
<arg>xpath://*[@id="app"]/div[1]/div/div[1]/div/div[2]/div[2]/form/div[3]/button</arg>
<doc>Click the element identified by ``locator``.</doc>
<status status="NOT RUN" starttime="20230106 20:44:15.279" endtime="20230106 20:44:15.279"/>
</kw>
<kw name="Sleep" library="BuiltIn">
<arg>5</arg>
<doc>Pauses the test executed for the given time.</doc>
<status status="NOT RUN" starttime="20230106 20:44:15.280" endtime="20230106 20:44:15.280"/>
</kw>
<status status="FAIL" starttime="20230106 20:44:15.202" endtime="20230106 20:44:15.281"/>
</kw>
<kw name="Close Browser" library="SeleniumLibrary">
<doc>Closes the current browser.</doc>
<status status="NOT RUN" starttime="20230106 20:44:15.281" endtime="20230106 20:44:15.282"/>
</kw>
<status status="FAIL" starttime="20230106 20:44:10.260" endtime="20230106 20:44:15.283">NoSuchWindowException: Message: no such window: target window already closed
from unknown error: web view not found
  (Session info: chrome=108.0.5359.125)
Stacktrace:
Backtrace:
	(No symbol) [0x00C4F243]
	(No symbol) [0x00BD7FD1]
	(No symbol) [0x00ACD04D]
	(No symbol) [0x00AB2D7A]
	(No symbol) [0x00B1BE7B]
	(No symbol) [0x00B2C196]
	(No symbol) [0x00B18386]
	(No symbol) [0x00AF163C]
	(No symbol) [0x00AF269D]
	GetHandleVerifier [0x00EE9A22+2655074]
	GetHandleVerifier [0x00EDCA24+2601828]
	GetHandleVerifier [0x00CF8C0A+619850]
	GetHandleVerifier [0x00CF7830+614768]
	(No symbol) [0x00BE05FC]
	(No symbol) [0x00BE5968]
	(No symbol) [0x00BE5A55]
	(No symbol) [0x00BF051B]
	BaseThreadInitThunk [0x7708FA29+25]
	RtlGetAppContainerNamedObjectPath [0x77CB7A9E+286]
	RtlGetAppContainerNamedObjectPath [0x77CB7A6E+238]
</status>
</test>
<status status="FAIL" starttime="20230106 20:44:09.752" endtime="20230106 20:44:15.286"/>
</suite>
<status status="FAIL" starttime="20230106 20:44:09.722" endtime="20230106 20:44:15.289"/>
</suite>
<statistics>
<total>
<stat pass="0" fail="1" skip="0">All Tests</stat>
</total>
<tag>
</tag>
<suite>
<stat pass="0" fail="1" skip="0" id="s1" name="Suites">Suites</stat>
<stat pass="0" fail="1" skip="0" id="s1-s1" name="TC1">Suites.TC1</stat>
</suite>
</statistics>
<errors>
<msg timestamp="20230106 20:44:15.244" level="WARN">Keyword 'Capture Page Screenshot' could not be run on failure: Message: no such window: target window already closed
from unknown error: web view not found
  (Session info: chrome=108.0.5359.125)
Stacktrace:
Backtrace:
	(No symbol) [0x00C4F243]
	(No symbol) [0x00BD7FD1]
	(No symbol) [0x00ACD04D]
	(No symbol) [0x00AB2D7A]
	(No symbol) [0x00B1BE7B]
	(No symbol) [0x00B2C196]
	(No symbol) [0x00B18386]
	(No symbol) [0x00AF163C]
	(No symbol) [0x00AF269D]
	GetHandleVerifier [0x00EE9A22+2655074]
	GetHandleVerifier [0x00EDCA24+2601828]
	GetHandleVerifier [0x00CF8C0A+619850]
	GetHandleVerifier [0x00CF7830+614768]
	(No symbol) [0x00BE05FC]
	(No symbol) [0x00BE5968]
	(No symbol) [0x00BE5A55]
	(No symbol) [0x00BF051B]
	BaseThreadInitThunk [0x7708FA29+25]
	RtlGetAppContainerNamedObjectPath [0x77CB7A9E+286]
	RtlGetAppContainerNamedObjectPath [0x77CB7A6E+238]
</msg>
</errors>
</robot>
