<?xml version="1.0" encoding="UTF-8"?>
<robot generator="Robot 6.0.1 (Python 3.10.5 on win32)" generated="20230106 20:44:00.619" rpa="false" schemaversion="3">
<suite id="s1" name="Suites">
<suite id="s1-s1" name="Switchtomutliplebrowsers" source="C:\Users\Mansi Patel\PycharmProjects\pythonProject1\pythonProject\RF_project\TestCases\switchtomutliplebrowsers.robot">
<test id="s1-s1-t1" name="MultipleBrowsersTest" line="5">
<kw name="Open Browser" library="SeleniumLibrary">
<arg>https://www.google.com/</arg>
<arg>chrome</arg>
<doc>Opens a new browser instance to the optional ``url``.</doc>
<msg timestamp="20230106 20:44:01.035" level="INFO">Opening browser 'chrome' to base url 'https://www.google.com/'.</msg>
<status status="PASS" starttime="20230106 20:44:01.034" endtime="20230106 20:44:06.408"/>
</kw>
<kw name="Maximize Browser Window" library="SeleniumLibrary">
<doc>Maximizes current browser window.</doc>
<status status="PASS" starttime="20230106 20:44:06.408" endtime="20230106 20:44:06.636"/>
</kw>
<kw name="Sleep" library="BuiltIn">
<arg>3</arg>
<doc>Pauses the test executed for the given time.</doc>
<msg timestamp="20230106 20:44:09.642" level="INFO">Slept 3 seconds</msg>
<status status="PASS" starttime="20230106 20:44:06.636" endtime="20230106 20:44:09.642"/>
</kw>
<kw name="Open Browser" library="SeleniumLibrary">
<arg>https://www.bing.com/</arg>
<arg>chrome</arg>
<doc>Opens a new browser instance to the optional ``url``.</doc>
<msg timestamp="20230106 20:44:09.644" level="INFO">Opening browser 'chrome' to base url 'https://www.bing.com/'.</msg>
<status status="PASS" starttime="20230106 20:44:09.643" endtime="20230106 20:44:12.186"/>
</kw>
<kw name="Maximize Browser Window" library="SeleniumLibrary">
<doc>Maximizes current browser window.</doc>
<status status="PASS" starttime="20230106 20:44:12.187" endtime="20230106 20:44:12.327"/>
</kw>
<kw name="Switch Browser" library="SeleniumLibrary">
<arg>1</arg>
<doc>Switches between active browsers using ``index_or_alias``.</doc>
<status status="PASS" starttime="20230106 20:44:12.328" endtime="20230106 20:44:12.328"/>
</kw>
<kw name="Get Title" library="SeleniumLibrary">
<var>${title1}</var>
<doc>Returns the title of the current page.</doc>
<msg timestamp="20230106 20:44:12.335" level="WARN">Keyword 'Capture Page Screenshot' could not be run on failure: Message: no such window: target window already closed
from unknown error: web view not found
  (Session info: chrome=108.0.5359.125)
Stacktrace:
Backtrace:
	(No symbol) [0x00C4F243]
	(No symbol) [0x00BD7FD1]
	(No symbol) [0x00ACD04D]
	(No symbol) [0x00AB2D7A]
	(No symbol) [0x00B1BE7B]
	(No symbol) [0x00B2C196]
	(No symbol) [0x00B18386]
	(No symbol) [0x00AF163C]
	(No symbol) [0x00AF269D]
	GetHandleVerifier [0x00EE9A22+2655074]
	GetHandleVerifier [0x00EDCA24+2601828]
	GetHandleVerifier [0x00CF8C0A+619850]
	GetHandleVerifier [0x00CF7830+614768]
	(No symbol) [0x00BE05FC]
	(No symbol) [0x00BE5968]
	(No symbol) [0x00BE5A55]
	(No symbol) [0x00BF051B]
	BaseThreadInitThunk [0x7708FA29+25]
	RtlGetAppContainerNamedObjectPath [0x77CB7A9E+286]
	RtlGetAppContainerNamedObjectPath [0x77CB7A6E+238]
</msg>
<msg timestamp="20230106 20:44:12.336" level="FAIL">NoSuchWindowException: Message: no such window: target window already closed
from unknown error: web view not found
  (Session info: chrome=108.0.5359.125)
Stacktrace:
Backtrace:
	(No symbol) [0x00C4F243]
	(No symbol) [0x00BD7FD1]
	(No symbol) [0x00ACD04D]
	(No symbol) [0x00AB2D7A]
	(No symbol) [0x00B1BE7B]
	(No symbol) [0x00B2C196]
	(No symbol) [0x00B18386]
	(No symbol) [0x00AF163C]
	(No symbol) [0x00AF269D]
	GetHandleVerifier [0x00EE9A22+2655074]
	GetHandleVerifier [0x00EDCA24+2601828]
	GetHandleVerifier [0x00CF8C0A+619850]
	GetHandleVerifier [0x00CF7830+614768]
	(No symbol) [0x00BE05FC]
	(No symbol) [0x00BE5968]
	(No symbol) [0x00BE5A55]
	(No symbol) [0x00BF051B]
	BaseThreadInitThunk [0x7708FA29+25]
	RtlGetAppContainerNamedObjectPath [0x77CB7A9E+286]
	RtlGetAppContainerNamedObjectPath [0x77CB7A6E+238]
</msg>
<status status="FAIL" starttime="20230106 20:44:12.329" endtime="20230106 20:44:12.340"/>
</kw>
<kw name="Log To Console" library="BuiltIn">
<arg>${title1}</arg>
<doc>Logs the given message to the console.</doc>
<status status="NOT RUN" starttime="20230106 20:44:12.341" endtime="20230106 20:44:12.341"/>
</kw>
<kw name="Switch Browser" library="SeleniumLibrary">
<arg>2</arg>
<doc>Switches between active browsers using ``index_or_alias``.</doc>
<status status="NOT RUN" starttime="20230106 20:44:12.342" endtime="20230106 20:44:12.342"/>
</kw>
<kw name="Get Title" library="SeleniumLibrary">
<var>${title2}</var>
<doc>Returns the title of the current page.</doc>
<status status="NOT RUN" starttime="20230106 20:44:12.343" endtime="20230106 20:44:12.343"/>
</kw>
<kw name="Log To Console" library="BuiltIn">
<arg>${title2}</arg>
<doc>Logs the given message to the console.</doc>
<status status="NOT RUN" starttime="20230106 20:44:12.344" endtime="20230106 20:44:12.344"/>
</kw>
<kw name="Sleep" library="BuiltIn">
<arg>5</arg>
<doc>Pauses the test executed for the given time.</doc>
<status status="NOT RUN" starttime="20230106 20:44:12.344" endtime="20230106 20:44:12.344"/>
</kw>
<kw name="Close All Browsers" library="SeleniumLibrary">
<doc>Closes all open browsers and resets the browser cache.</doc>
<status status="NOT RUN" starttime="20230106 20:44:12.345" endtime="20230106 20:44:12.345"/>
</kw>
<status status="FAIL" starttime="20230106 20:44:01.032" endtime="20230106 20:44:12.346">NoSuchWindowException: Message: no such window: target window already closed
from unknown error: web view not found
  (Session info: chrome=108.0.5359.125)
Stacktrace:
Backtrace:
	(No symbol) [0x00C4F243]
	(No symbol) [0x00BD7FD1]
	(No symbol) [0x00ACD04D]
	(No symbol) [0x00AB2D7A]
	(No symbol) [0x00B1BE7B]
	(No symbol) [0x00B2C196]
	(No symbol) [0x00B18386]
	(No symbol) [0x00AF163C]
	(No symbol) [0x00AF269D]
	GetHandleVerifier [0x00EE9A22+2655074]
	GetHandleVerifier [0x00EDCA24+2601828]
	GetHandleVerifier [0x00CF8C0A+619850]
	GetHandleVerifier [0x00CF7830+614768]
	(No symbol) [0x00BE05FC]
	(No symbol) [0x00BE5968]
	(No symbol) [0x00BE5A55]
	(No symbol) [0x00BF051B]
	BaseThreadInitThunk [0x7708FA29+25]
	RtlGetAppContainerNamedObjectPath [0x77CB7A9E+286]
	RtlGetAppContainerNamedObjectPath [0x77CB7A6E+238]
</status>
</test>
<status status="FAIL" starttime="20230106 20:44:00.665" endtime="20230106 20:44:12.385"/>
</suite>
<status status="FAIL" starttime="20230106 20:44:00.635" endtime="20230106 20:44:12.388"/>
</suite>
<statistics>
<total>
<stat pass="0" fail="1" skip="0">All Tests</stat>
</total>
<tag>
</tag>
<suite>
<stat pass="0" fail="1" skip="0" id="s1" name="Suites">Suites</stat>
<stat pass="0" fail="1" skip="0" id="s1-s1" name="Switchtomutliplebrowsers">Suites.Switchtomutliplebrowsers</stat>
</suite>
</statistics>
<errors>
<msg timestamp="20230106 20:44:12.335" level="WARN">Keyword 'Capture Page Screenshot' could not be run on failure: Message: no such window: target window already closed
from unknown error: web view not found
  (Session info: chrome=108.0.5359.125)
Stacktrace:
Backtrace:
	(No symbol) [0x00C4F243]
	(No symbol) [0x00BD7FD1]
	(No symbol) [0x00ACD04D]
	(No symbol) [0x00AB2D7A]
	(No symbol) [0x00B1BE7B]
	(No symbol) [0x00B2C196]
	(No symbol) [0x00B18386]
	(No symbol) [0x00AF163C]
	(No symbol) [0x00AF269D]
	GetHandleVerifier [0x00EE9A22+2655074]
	GetHandleVerifier [0x00EDCA24+2601828]
	GetHandleVerifier [0x00CF8C0A+619850]
	GetHandleVerifier [0x00CF7830+614768]
	(No symbol) [0x00BE05FC]
	(No symbol) [0x00BE5968]
	(No symbol) [0x00BE5A55]
	(No symbol) [0x00BF051B]
	BaseThreadInitThunk [0x7708FA29+25]
	RtlGetAppContainerNamedObjectPath [0x77CB7A9E+286]
	RtlGetAppContainerNamedObjectPath [0x77CB7A6E+238]
</msg>
</errors>
</robot>
